#
# There is insufficient memory for the Java Runtime Environment to continue.
# Native memory allocation (malloc) failed to allocate 489472 bytes for Chunk::new
# Possible reasons:
#   The system is out of physical RAM or swap space
#   The process is running with CompressedOops enabled, and the Java Heap may be blocking the growth of the native heap
# Possible solutions:
#   Reduce memory load on the system
#   Increase physical memory or swap space
#   Check if swap backing store is full
#   Decrease Java heap size (-Xmx/-Xms)
#   Decrease number of Java threads
#   Decrease Java thread stack sizes (-Xss)
#   Set larger code cache with -XX:ReservedCodeCacheSize=
#   JVM is running with Unscaled Compressed Oops mode in which the Java heap is
#     placed in the first 4GB address space. The Java Heap base address is the
#     maximum limit for the native heap growth. Please use -XX:HeapBaseMinAddress
#     to set the Java Heap base and to place the Java Heap above 4GB virtual address.
# This output file may be truncated or incomplete.
#
#  Out of Memory Error (arena.cpp:189), pid=2428, tid=15564
#
# JRE version: OpenJDK Runtime Environment Temurin-17.0.7+7 (17.0.7+7) (build 17.0.7+7)
# Java VM: OpenJDK 64-Bit Server VM Temurin-17.0.7+7 (17.0.7+7, mixed mode, tiered, compressed oops, compressed class ptrs, g1 gc, windows-amd64)
# No core dump will be written. Minidumps are not enabled by default on client versions of Windows
#

---------------  S U M M A R Y ------------

Command Line: -ea -Xmx2048m -Dfile.encoding=UTF-8 -XX:+ShowCodeDetailsInExceptionMessages org.testng.remote.RemoteTestNG -serport 50576 -protocol json -d C:\Users\admin\eclipse-workspace\hybrid_automationframework\test-output C:\Users\admin\eclipse-workspace\hybrid_automationframework\master.xml

Host: Intel(R) Core(TM) i3-10110U CPU @ 2.10GHz, 4 cores, 3G,  Windows 10 , 64 bit Build 19041 (10.0.19041.5794)
Time: Mon Jun  9 16:46:16 2025 India Standard Time elapsed time: 14.634563 seconds (0d 0h 0m 14s)

---------------  T H R E A D  ---------------

Current thread (0x0000019c1f12f8e0):  JavaThread "C2 CompilerThread0" daemon [_thread_in_native, id=15564, stack(0x0000002984100000,0x0000002984200000)]


Current CompileTask:
C2:  14634 2855   !   4       java.util.zip.InflaterInputStream::read (138 bytes)

Stack: [0x0000002984100000,0x0000002984200000]
Native frames: (J=compiled Java code, j=interpreted, Vv=VM code, C=native code)
V  [jvm.dll+0x67754a]
V  [jvm.dll+0x834304]
V  [jvm.dll+0x835aae]
V  [jvm.dll+0x836113]
V  [jvm.dll+0x24696f]
V  [jvm.dll+0xac0ac]
V  [jvm.dll+0xac67c]
V  [jvm.dll+0x364e37]
V  [jvm.dll+0x32f6b1]
V  [jvm.dll+0x32eb5a]
V  [jvm.dll+0x219641]
V  [jvm.dll+0x218a61]
V  [jvm.dll+0x1a4d8d]
V  [jvm.dll+0x2284da]
V  [jvm.dll+0x226615]
V  [jvm.dll+0x7ea90b]
V  [jvm.dll+0x7e4e7a]
V  [jvm.dll+0x676395]
C  [ucrtbase.dll+0x21bb2]
C  [KERNEL32.DLL+0x17374]
C  [ntdll.dll+0x4cc91]


---------------  P R O C E S S  ---------------

Threads class SMR info:
_java_thread_list=0x0000019c24ea7e90, length=22, elements={
0x0000019c05830720, 0x0000019c1efb5a50, 0x0000019c1efb6790, 0x0000019c1f00e900,
0x0000019c1f0112d0, 0x0000019c1f011b90, 0x0000019c1f012450, 0x0000019c1f12f8e0,
0x0000019c1f1301e0, 0x0000019c1f1412a0, 0x0000019c1f2974c0, 0x0000019c1f2b30e0,
0x0000019c24257840, 0x0000019c2449c4f0, 0x0000019c2449c9c0, 0x0000019c2449ce90,
0x0000019c245ee020, 0x0000019c245ee4f0, 0x0000019c24d518a0, 0x0000019c24d543f0,
0x0000019c24d51d70, 0x0000019c24d52240
}

Java Threads: ( => current thread )
  0x0000019c05830720 JavaThread "main" [_thread_in_vm, id=16904, stack(0x0000002983400000,0x0000002983500000)]
  0x0000019c1efb5a50 JavaThread "Reference Handler" daemon [_thread_blocked, id=13620, stack(0x0000002983b00000,0x0000002983c00000)]
  0x0000019c1efb6790 JavaThread "Finalizer" daemon [_thread_blocked, id=11364, stack(0x0000002983c00000,0x0000002983d00000)]
  0x0000019c1f00e900 JavaThread "Signal Dispatcher" daemon [_thread_blocked, id=15196, stack(0x0000002983d00000,0x0000002983e00000)]
  0x0000019c1f0112d0 JavaThread "Attach Listener" daemon [_thread_blocked, id=18268, stack(0x0000002983e00000,0x0000002983f00000)]
  0x0000019c1f011b90 JavaThread "Service Thread" daemon [_thread_blocked, id=2356, stack(0x0000002983f00000,0x0000002984000000)]
  0x0000019c1f012450 JavaThread "Monitor Deflation Thread" daemon [_thread_blocked, id=21728, stack(0x0000002984000000,0x0000002984100000)]
=>0x0000019c1f12f8e0 JavaThread "C2 CompilerThread0" daemon [_thread_in_native, id=15564, stack(0x0000002984100000,0x0000002984200000)]
  0x0000019c1f1301e0 JavaThread "C1 CompilerThread0" daemon [_thread_blocked, id=12464, stack(0x0000002984200000,0x0000002984300000)]
  0x0000019c1f1412a0 JavaThread "Sweeper thread" daemon [_thread_blocked, id=14384, stack(0x0000002984300000,0x0000002984400000)]
  0x0000019c1f2974c0 JavaThread "Notification Thread" daemon [_thread_blocked, id=11172, stack(0x0000002984400000,0x0000002984500000)]
  0x0000019c1f2b30e0 JavaThread "Common-Cleaner" daemon [_thread_blocked, id=23020, stack(0x0000002984600000,0x0000002984700000)]
  0x0000019c24257840 JavaThread "ReaderThread" [_thread_in_native, id=17764, stack(0x0000002984b00000,0x0000002984c00000)]
  0x0000019c2449c4f0 JavaThread "ForkJoinPool.commonPool-worker-1" daemon [_thread_blocked, id=9948, stack(0x0000002984c00000,0x0000002984d00000)]
  0x0000019c2449c9c0 JavaThread "ForkJoinPool.commonPool-worker-2" daemon [_thread_blocked, id=6616, stack(0x0000002984d00000,0x0000002984e00000)]
  0x0000019c2449ce90 JavaThread "ForkJoinPool.commonPool-worker-3" daemon [_thread_blocked, id=14128, stack(0x0000002984e00000,0x0000002984f00000)]
  0x0000019c245ee020 JavaThread "Exec Default Executor" daemon [_thread_in_native, id=4872, stack(0x0000002984f00000,0x0000002985000000)]
  0x0000019c245ee4f0 JavaThread "UrlChecker-2" daemon [_thread_blocked, id=3132, stack(0x0000002985000000,0x0000002985100000)]
  0x0000019c24d518a0 JavaThread "Exec Stream Pumper" daemon [_thread_in_native, id=11736, stack(0x0000002985100000,0x0000002985200000)]
  0x0000019c24d543f0 JavaThread "Exec Stream Pumper" daemon [_thread_in_native, id=21532, stack(0x0000002985200000,0x0000002985300000)]
  0x0000019c24d51d70 JavaThread "OkHttp ConnectionPool" daemon [_thread_blocked, id=10820, stack(0x0000002985400000,0x0000002985500000)]
  0x0000019c24d52240 JavaThread "Okio Watchdog" daemon [_thread_blocked, id=7640, stack(0x0000002985500000,0x0000002985600000)]

Other Threads:
  0x0000019c1efb12c0 VMThread "VM Thread" [stack: 0x0000002983a00000,0x0000002983b00000] [id=21940]
  0x0000019c1efdbf00 WatcherThread [stack: 0x0000002984500000,0x0000002984600000] [id=11332]
  0x0000019c0588bdc0 GCTaskThread "GC Thread#0" [stack: 0x0000002983500000,0x0000002983600000] [id=18492]
  0x0000019c1fba5d20 GCTaskThread "GC Thread#1" [stack: 0x0000002984700000,0x0000002984800000] [id=22948]
  0x0000019c2400b910 GCTaskThread "GC Thread#2" [stack: 0x0000002984800000,0x0000002984900000] [id=22368]
  0x0000019c1fbc3df0 GCTaskThread "GC Thread#3" [stack: 0x0000002984900000,0x0000002984a00000] [id=8920]
  0x0000019c0589cab0 ConcurrentGCThread "G1 Main Marker" [stack: 0x0000002983600000,0x0000002983700000] [id=9032]
  0x0000019c0589d270 ConcurrentGCThread "G1 Conc#0" [stack: 0x0000002983700000,0x0000002983800000] [id=13404]
  0x0000019c1ee30090 ConcurrentGCThread "G1 Refine#0" [stack: 0x0000002983800000,0x0000002983900000] [id=15792]
  0x0000019c1ee30860 ConcurrentGCThread "G1 Service" [stack: 0x0000002983900000,0x0000002983a00000] [id=20824]

Threads with active compile tasks:
C2 CompilerThread0    14664 2855   !   4       java.util.zip.InflaterInputStream::read (138 bytes)

VM state: not at safepoint (normal execution)

VM Mutex/Monitor currently owned by a thread: None

Heap address: 0x0000000080000000, size: 2048 MB, Compressed Oops mode: 32-bit

CDS archive(s) not mapped
Compressed class space mapped at: 0x0000000100000000-0x0000000140000000, reserved size: 1073741824
Narrow klass base: 0x0000000000000000, Narrow klass shift: 3, Narrow klass range: 0x140000000

GC Precious Log:
 CPUs: 4 total, 4 available
 Memory: 3930M
 Large Page Support: Disabled
 NUMA Support: Disabled
 Compressed Oops: Enabled (32-bit)
 Heap Region Size: 1M
 Heap Min Capacity: 8M
 Heap Initial Capacity: 62M
 Heap Max Capacity: 2G
 Pre-touch: Disabled
 Parallel Workers: 4
 Concurrent Workers: 1
 Concurrent Refinement Workers: 4
 Periodic GC: Disabled

Heap:
 garbage-first heap   total 30720K, used 20346K [0x0000000080000000, 0x0000000100000000)
  region size 1024K, 10 young (10240K), 1 survivors (1024K)
 Metaspace       used 33448K, committed 33856K, reserved 1114112K
  class space    used 3844K, committed 4032K, reserved 1048576K

Heap Regions: E=young(eden), S=young(survivor), O=old, HS=humongous(starts), HC=humongous(continues), CS=collection set, F=free, OA=open archive, CA=closed archive, TAMS=top-at-mark-start (previous, next)
|   0|0x0000000080000000, 0x0000000080100000, 0x0000000080100000|100%| O|  |TAMS 0x0000000080100000, 0x0000000080000000| Untracked 
|   1|0x0000000080100000, 0x0000000080200000, 0x0000000080200000|100%| O|  |TAMS 0x0000000080200000, 0x0000000080100000| Untracked 
|   2|0x0000000080200000, 0x0000000080300000, 0x0000000080300000|100%| O|  |TAMS 0x0000000080300000, 0x0000000080200000| Untracked 
|   3|0x0000000080300000, 0x0000000080400000, 0x0000000080400000|100%| O|  |TAMS 0x0000000080400000, 0x0000000080300000| Untracked 
|   4|0x0000000080400000, 0x000000008049c600, 0x0000000080500000| 61%| O|  |TAMS 0x000000008049c600, 0x0000000080400000| Untracked 
|   5|0x0000000080500000, 0x0000000080600000, 0x0000000080600000|100%| O|  |TAMS 0x0000000080500000, 0x0000000080500000| Untracked 
|   6|0x0000000080600000, 0x0000000080700000, 0x0000000080700000|100%| O|  |TAMS 0x0000000080600000, 0x0000000080600000| Untracked 
|   7|0x0000000080700000, 0x0000000080800000, 0x0000000080800000|100%| O|  |TAMS 0x0000000080700000, 0x0000000080700000| Untracked 
|   8|0x0000000080800000, 0x0000000080900000, 0x0000000080900000|100%| O|  |TAMS 0x0000000080800000, 0x0000000080800000| Untracked 
|   9|0x0000000080900000, 0x0000000080a00000, 0x0000000080a00000|100%| O|  |TAMS 0x0000000080900000, 0x0000000080900000| Untracked 
|  10|0x0000000080a00000, 0x0000000080b00000, 0x0000000080b00000|100%| O|  |TAMS 0x0000000080a00000, 0x0000000080a00000| Untracked 
|  11|0x0000000080b00000, 0x0000000080b62800, 0x0000000080c00000| 38%| O|  |TAMS 0x0000000080b00000, 0x0000000080b00000| Untracked 
|  12|0x0000000080c00000, 0x0000000080c00000, 0x0000000080d00000|  0%| F|  |TAMS 0x0000000080c00000, 0x0000000080c00000| Untracked 
|  13|0x0000000080d00000, 0x0000000080d00000, 0x0000000080e00000|  0%| F|  |TAMS 0x0000000080d00000, 0x0000000080d00000| Untracked 
|  14|0x0000000080e00000, 0x0000000080e00000, 0x0000000080f00000|  0%| F|  |TAMS 0x0000000080e00000, 0x0000000080e00000| Untracked 
|  15|0x0000000080f00000, 0x0000000080f00000, 0x0000000081000000|  0%| F|  |TAMS 0x0000000080f00000, 0x0000000080f00000| Untracked 
|  16|0x0000000081000000, 0x0000000081000000, 0x0000000081100000|  0%| F|  |TAMS 0x0000000081000000, 0x0000000081000000| Untracked 
|  17|0x0000000081100000, 0x0000000081100000, 0x0000000081200000|  0%| F|  |TAMS 0x0000000081100000, 0x0000000081100000| Untracked 
|  18|0x0000000081200000, 0x0000000081200000, 0x0000000081300000|  0%| F|  |TAMS 0x0000000081200000, 0x0000000081200000| Untracked 
|  19|0x0000000081300000, 0x00000000813dfbd0, 0x0000000081400000| 87%| S|CS|TAMS 0x0000000081300000, 0x0000000081300000| Complete 
|  20|0x0000000081400000, 0x0000000081400000, 0x0000000081500000|  0%| F|  |TAMS 0x0000000081400000, 0x0000000081400000| Untracked 
|  21|0x0000000081500000, 0x0000000081563d48, 0x0000000081600000| 38%| E|  |TAMS 0x0000000081500000, 0x0000000081500000| Complete 
|  22|0x0000000081600000, 0x0000000081700000, 0x0000000081700000|100%| E|CS|TAMS 0x0000000081600000, 0x0000000081600000| Complete 
|  23|0x0000000081700000, 0x0000000081800000, 0x0000000081800000|100%| E|CS|TAMS 0x0000000081700000, 0x0000000081700000| Complete 
|  24|0x0000000081800000, 0x0000000081900000, 0x0000000081900000|100%| E|CS|TAMS 0x0000000081800000, 0x0000000081800000| Complete 
|  25|0x0000000081900000, 0x0000000081a00000, 0x0000000081a00000|100%| E|CS|TAMS 0x0000000081900000, 0x0000000081900000| Complete 
|  48|0x0000000083000000, 0x0000000083100000, 0x0000000083100000|100%| E|CS|TAMS 0x0000000083000000, 0x0000000083000000| Complete 
|  49|0x0000000083100000, 0x0000000083200000, 0x0000000083200000|100%| E|CS|TAMS 0x0000000083100000, 0x0000000083100000| Complete 
|  50|0x0000000083200000, 0x0000000083300000, 0x0000000083300000|100%| E|CS|TAMS 0x0000000083200000, 0x0000000083200000| Complete 
|  61|0x0000000083d00000, 0x0000000083e00000, 0x0000000083e00000|100%| E|CS|TAMS 0x0000000083d00000, 0x0000000083d00000| Complete 

Card table byte_map: [0x0000019c182e0000,0x0000019c186e0000] _byte_map_base: 0x0000019c17ee0000

Marking Bits (Prev, Next): (CMBitMap*) 0x0000019c0588c1c0, (CMBitMap*) 0x0000019c0588c180
 Prev Bits: [0x0000019c1aae0000, 0x0000019c1cae0000)
 Next Bits: [0x0000019c18ae0000, 0x0000019c1aae0000)

Polling page: 0x0000019c04ff0000

Metaspace:

Usage:
  Non-class:     28.91 MB used.
      Class:      3.75 MB used.
       Both:     32.66 MB used.

Virtual space:
  Non-class space:       64.00 MB reserved,      29.12 MB ( 46%) committed,  1 nodes.
      Class space:        1.00 GB reserved,       3.94 MB ( <1%) committed,  1 nodes.
             Both:        1.06 GB reserved,      33.06 MB (  3%) committed. 

Chunk freelists:
   Non-Class:  2.48 MB
       Class:  11.92 MB
        Both:  14.41 MB

MaxMetaspaceSize: unlimited
CompressedClassSpaceSize: 1.00 GB
Initial GC threshold: 21.00 MB
Current GC threshold: 35.25 MB
CDS: off
MetaspaceReclaimPolicy: balanced
 - commit_granule_bytes: 65536.
 - commit_granule_words: 8192.
 - virtual_space_node_default_size: 8388608.
 - enlarge_chunks_in_place: 1.
 - new_chunks_are_fully_committed: 0.
 - uncommit_free_chunks: 1.
 - use_allocation_guard: 0.
 - handle_deallocations: 1.


Internal statistics:

num_allocs_failed_limit: 3.
num_arena_births: 364.
num_arena_deaths: 0.
num_vsnodes_births: 2.
num_vsnodes_deaths: 0.
num_space_committed: 529.
num_space_uncommitted: 0.
num_chunks_returned_to_freelist: 3.
num_chunks_taken_from_freelist: 1071.
num_chunk_merges: 0.
num_chunk_splits: 680.
num_chunks_enlarged: 461.
num_inconsistent_stats: 0.

CodeHeap 'non-profiled nmethods': size=120000Kb used=1203Kb max_used=1203Kb free=118796Kb
 bounds [0x0000019c109b0000, 0x0000019c10c20000, 0x0000019c17ee0000]
CodeHeap 'profiled nmethods': size=120000Kb used=5658Kb max_used=5658Kb free=114342Kb
 bounds [0x0000019c08ee0000, 0x0000019c09470000, 0x0000019c10410000]
CodeHeap 'non-nmethods': size=5760Kb used=1299Kb max_used=1359Kb free=4460Kb
 bounds [0x0000019c10410000, 0x0000019c10680000, 0x0000019c109b0000]
 total_blobs=3504 nmethods=2878 adapters=538
 compilation: enabled
              stopped_count=0, restarted_count=0
 full_count=0

Compilation events (20 events):
Event: 14.610 Thread 0x0000019c1f12f8e0 nmethod 2853 0x0000019c10ada490 code [0x0000019c10ada680, 0x0000019c10adb970]
Event: 14.610 Thread 0x0000019c1f12f8e0 2855   !   4       java.util.zip.InflaterInputStream::read (138 bytes)
Event: 14.610 Thread 0x0000019c1f1301e0 nmethod 2857 0x0000019c09450e10 code [0x0000019c09451000, 0x0000019c094514f8]
Event: 14.614 Thread 0x0000019c1f1301e0 2858       3       java.lang.StringUTF16::checkIndex (9 bytes)
Event: 14.614 Thread 0x0000019c1f1301e0 nmethod 2858 0x0000019c09451710 code [0x0000019c094518c0, 0x0000019c09451a48]
Event: 14.614 Thread 0x0000019c1f1301e0 2859       1       java.util.Calendar::getFirstDayOfWeek (5 bytes)
Event: 14.614 Thread 0x0000019c1f1301e0 nmethod 2859 0x0000019c10adbf90 code [0x0000019c10adc120, 0x0000019c10adc1f8]
Event: 14.614 Thread 0x0000019c1f1301e0 2861  s    1       java.lang.StringBuffer::length (5 bytes)
Event: 14.614 Thread 0x0000019c1f1301e0 nmethod 2861 0x0000019c10adc290 code [0x0000019c10adc420, 0x0000019c10adc598]
Event: 14.614 Thread 0x0000019c1f1301e0 2860       1       java.util.Calendar::getMinimalDaysInFirstWeek (5 bytes)
Event: 14.614 Thread 0x0000019c1f1301e0 nmethod 2860 0x0000019c10adc610 code [0x0000019c10adc7a0, 0x0000019c10adc878]
Event: 14.625 Thread 0x0000019c1f1301e0 2863       3       java.lang.invoke.LambdaProxyClassArchive::find (63 bytes)
Event: 14.627 Thread 0x0000019c1f1301e0 nmethod 2863 0x0000019c09451b90 code [0x0000019c09451da0, 0x0000019c094524d8]
Event: 14.627 Thread 0x0000019c1f1301e0 2864       3       java.lang.invoke.LambdaProxyClassArchive::loadedByBuiltinLoader (22 bytes)
Event: 14.627 Thread 0x0000019c1f1301e0 nmethod 2864 0x0000019c09452710 code [0x0000019c09452960, 0x0000019c094534d8]
Event: 14.627 Thread 0x0000019c1f1301e0 2865       3       jdk.internal.misc.CDS::isSharingEnabled (4 bytes)
Event: 14.627 Thread 0x0000019c1f1301e0 nmethod 2865 0x0000019c09453890 code [0x0000019c09453a20, 0x0000019c09453b18]
Event: 14.628 Thread 0x0000019c1f1301e0 2866   !   3       java.lang.invoke.InnerClassLambdaMetafactory::generateInnerClass (618 bytes)
Event: 14.630 Thread 0x0000019c1f1301e0 nmethod 2866 0x0000019c09453b90 code [0x0000019c094540a0, 0x0000019c094568e8]
Event: 14.632 Thread 0x0000019c1f1301e0 2867       3       java.lang.invoke.InnerClassLambdaMetafactory$ForwardingMethodGenerator::convertArgumentTypes (96 bytes)

GC Heap History (16 events):
Event: 1.275 GC heap before
{Heap before GC invocations=0 (full 0):
 garbage-first heap   total 63488K, used 12288K [0x0000000080000000, 0x0000000100000000)
  region size 1024K, 13 young (13312K), 0 survivors (0K)
 Metaspace       used 10137K, committed 10304K, reserved 1114112K
  class space    used 959K, committed 1024K, reserved 1048576K
}
Event: 1.282 GC heap after
{Heap after GC invocations=1 (full 0):
 garbage-first heap   total 63488K, used 4717K [0x0000000080000000, 0x0000000100000000)
  region size 1024K, 2 young (2048K), 2 survivors (2048K)
 Metaspace       used 10137K, committed 10304K, reserved 1114112K
  class space    used 959K, committed 1024K, reserved 1048576K
}
Event: 2.108 GC heap before
{Heap before GC invocations=1 (full 0):
 garbage-first heap   total 63488K, used 19053K [0x0000000080000000, 0x0000000100000000)
  region size 1024K, 16 young (16384K), 2 survivors (2048K)
 Metaspace       used 16230K, committed 16512K, reserved 1114112K
  class space    used 1675K, committed 1792K, reserved 1048576K
}
Event: 2.116 GC heap after
{Heap after GC invocations=2 (full 0):
 garbage-first heap   total 63488K, used 6547K [0x0000000080000000, 0x0000000100000000)
  region size 1024K, 2 young (2048K), 2 survivors (2048K)
 Metaspace       used 16230K, committed 16512K, reserved 1114112K
  class space    used 1675K, committed 1792K, reserved 1048576K
}
Event: 3.143 GC heap before
{Heap before GC invocations=2 (full 0):
 garbage-first heap   total 63488K, used 16787K [0x0000000080000000, 0x0000000100000000)
  region size 1024K, 13 young (13312K), 2 survivors (2048K)
 Metaspace       used 21285K, committed 21504K, reserved 1114112K
  class space    used 2292K, committed 2432K, reserved 1048576K
}
Event: 3.157 GC heap after
{Heap after GC invocations=3 (full 0):
 garbage-first heap   total 63488K, used 7793K [0x0000000080000000, 0x0000000100000000)
  region size 1024K, 3 young (3072K), 3 survivors (3072K)
 Metaspace       used 21285K, committed 21504K, reserved 1114112K
  class space    used 2292K, committed 2432K, reserved 1048576K
}
Event: 3.613 GC heap before
{Heap before GC invocations=4 (full 0):
 garbage-first heap   total 30720K, used 21105K [0x0000000080000000, 0x0000000100000000)
  region size 1024K, 17 young (17408K), 3 survivors (3072K)
 Metaspace       used 24558K, committed 24960K, reserved 1114112K
  class space    used 2673K, committed 2880K, reserved 1048576K
}
Event: 3.620 GC heap after
{Heap after GC invocations=5 (full 0):
 garbage-first heap   total 30720K, used 8642K [0x0000000080000000, 0x0000000100000000)
  region size 1024K, 3 young (3072K), 3 survivors (3072K)
 Metaspace       used 24558K, committed 24960K, reserved 1114112K
  class space    used 2673K, committed 2880K, reserved 1048576K
}
Event: 4.103 GC heap before
{Heap before GC invocations=5 (full 0):
 garbage-first heap   total 30720K, used 17858K [0x0000000080000000, 0x0000000100000000)
  region size 1024K, 13 young (13312K), 3 survivors (3072K)
 Metaspace       used 27851K, committed 28160K, reserved 1114112K
  class space    used 3087K, committed 3200K, reserved 1048576K
}
Event: 4.107 GC heap after
{Heap after GC invocations=6 (full 0):
 garbage-first heap   total 30720K, used 9791K [0x0000000080000000, 0x0000000100000000)
  region size 1024K, 2 young (2048K), 2 survivors (2048K)
 Metaspace       used 27851K, committed 28160K, reserved 1114112K
  class space    used 3087K, committed 3200K, reserved 1048576K
}
Event: 4.594 GC heap before
{Heap before GC invocations=6 (full 0):
 garbage-first heap   total 30720K, used 19007K [0x0000000080000000, 0x0000000100000000)
  region size 1024K, 12 young (12288K), 2 survivors (2048K)
 Metaspace       used 30407K, committed 30720K, reserved 1114112K
  class space    used 3398K, committed 3520K, reserved 1048576K
}
Event: 4.599 GC heap after
{Heap after GC invocations=7 (full 0):
 garbage-first heap   total 30720K, used 11335K [0x0000000080000000, 0x0000000100000000)
  region size 1024K, 2 young (2048K), 2 survivors (2048K)
 Metaspace       used 30407K, committed 30720K, reserved 1114112K
  class space    used 3398K, committed 3520K, reserved 1048576K
}
Event: 9.045 GC heap before
{Heap before GC invocations=7 (full 0):
 garbage-first heap   total 30720K, used 20551K [0x0000000080000000, 0x0000000100000000)
  region size 1024K, 11 young (11264K), 2 survivors (2048K)
 Metaspace       used 32509K, committed 32832K, reserved 1114112K
  class space    used 3712K, committed 3904K, reserved 1048576K
}
Event: 9.050 GC heap after
{Heap after GC invocations=8 (full 0):
 garbage-first heap   total 30720K, used 11976K [0x0000000080000000, 0x0000000100000000)
  region size 1024K, 1 young (1024K), 1 survivors (1024K)
 Metaspace       used 32509K, committed 32832K, reserved 1114112K
  class space    used 3712K, committed 3904K, reserved 1048576K
}
Event: 11.804 GC heap before
{Heap before GC invocations=8 (full 0):
 garbage-first heap   total 30720K, used 20168K [0x0000000080000000, 0x0000000100000000)
  region size 1024K, 10 young (10240K), 1 survivors (1024K)
 Metaspace       used 33086K, committed 33472K, reserved 1114112K
  class space    used 3796K, committed 3968K, reserved 1048576K
}
Event: 11.806 GC heap after
{Heap after GC invocations=9 (full 0):
 garbage-first heap   total 30720K, used 12154K [0x0000000080000000, 0x0000000100000000)
  region size 1024K, 1 young (1024K), 1 survivors (1024K)
 Metaspace       used 33086K, committed 33472K, reserved 1114112K
  class space    used 3796K, committed 3968K, reserved 1048576K
}

Dll operation events (9 events):
Event: 0.016 Loaded shared library C:\Users\admin\eclipse-java-2023-06-R-win32-x86_64\eclipse\plugins\org.eclipse.justj.openjdk.hotspot.jre.full.win32.x86_64_17.0.7.v20230425-1502\jre\bin\java.dll
Event: 0.250 Loaded shared library C:\Users\admin\eclipse-java-2023-06-R-win32-x86_64\eclipse\plugins\org.eclipse.justj.openjdk.hotspot.jre.full.win32.x86_64_17.0.7.v20230425-1502\jre\bin\net.dll
Event: 0.253 Loaded shared library C:\Users\admin\eclipse-java-2023-06-R-win32-x86_64\eclipse\plugins\org.eclipse.justj.openjdk.hotspot.jre.full.win32.x86_64_17.0.7.v20230425-1502\jre\bin\nio.dll
Event: 0.274 Loaded shared library C:\Users\admin\eclipse-java-2023-06-R-win32-x86_64\eclipse\plugins\org.eclipse.justj.openjdk.hotspot.jre.full.win32.x86_64_17.0.7.v20230425-1502\jre\bin\zip.dll
Event: 0.828 Loaded shared library C:\Users\admin\eclipse-java-2023-06-R-win32-x86_64\eclipse\plugins\org.eclipse.justj.openjdk.hotspot.jre.full.win32.x86_64_17.0.7.v20230425-1502\jre\bin\jimage.dll
Event: 0.954 Loaded shared library C:\Users\admin\eclipse-java-2023-06-R-win32-x86_64\eclipse\plugins\org.eclipse.justj.openjdk.hotspot.jre.full.win32.x86_64_17.0.7.v20230425-1502\jre\bin\verify.dll
Event: 1.557 Loaded shared library C:\Users\admin\eclipse-java-2023-06-R-win32-x86_64\eclipse\plugins\org.eclipse.justj.openjdk.hotspot.jre.full.win32.x86_64_17.0.7.v20230425-1502\jre\bin\management.dll
Event: 1.571 Loaded shared library C:\Users\admin\eclipse-java-2023-06-R-win32-x86_64\eclipse\plugins\org.eclipse.justj.openjdk.hotspot.jre.full.win32.x86_64_17.0.7.v20230425-1502\jre\bin\management_ext.dll
Event: 4.029 Loaded shared library C:\Users\admin\eclipse-java-2023-06-R-win32-x86_64\eclipse\plugins\org.eclipse.justj.openjdk.hotspot.jre.full.win32.x86_64_17.0.7.v20230425-1502\jre\bin\sunmscapi.dll

Deoptimization events (20 events):
Event: 11.640 Thread 0x0000019c05830720 DEOPT PACKING pc=0x0000019c10acb434 sp=0x00000029834fd020
Event: 11.640 Thread 0x0000019c05830720 DEOPT UNPACKING pc=0x0000019c104669a3 sp=0x00000029834fcfa0 mode 2
Event: 11.750 Thread 0x0000019c05830720 Uncommon trap: trap_request=0xffffffde fr.pc=0x0000019c10acb434 relative=0x0000000000000114
Event: 11.750 Thread 0x0000019c05830720 Uncommon trap: reason=class_check action=maybe_recompile pc=0x0000019c10acb434 method=com.google.common.collect.RegularImmutableMap.get(Ljava/lang/Object;[Lcom/google/common/collect/ImmutableMapEntry;I)Ljava/lang/Object; @ 11 c2
Event: 11.750 Thread 0x0000019c05830720 DEOPT PACKING pc=0x0000019c10acb434 sp=0x00000029834fcd20
Event: 11.750 Thread 0x0000019c05830720 DEOPT UNPACKING pc=0x0000019c104669a3 sp=0x00000029834fcca0 mode 2
Event: 12.320 Thread 0x0000019c05830720 Uncommon trap: trap_request=0xffffffde fr.pc=0x0000019c10a914cc relative=0x00000000000010cc
Event: 12.321 Thread 0x0000019c05830720 Uncommon trap: reason=class_check action=maybe_recompile pc=0x0000019c10a914cc method=java.util.HashMap.putVal(ILjava/lang/Object;Ljava/lang/Object;ZZ)Ljava/lang/Object; @ 203 c2
Event: 12.321 Thread 0x0000019c05830720 DEOPT PACKING pc=0x0000019c10a914cc sp=0x00000029834fce30
Event: 12.321 Thread 0x0000019c05830720 DEOPT UNPACKING pc=0x0000019c104669a3 sp=0x00000029834fcdc0 mode 2
Event: 12.335 Thread 0x0000019c05830720 DEOPT PACKING pc=0x0000019c091fa708 sp=0x00000029834fbfb0
Event: 12.335 Thread 0x0000019c05830720 DEOPT UNPACKING pc=0x0000019c10467143 sp=0x00000029834fb4b8 mode 0
Event: 14.612 Thread 0x0000019c05830720 Uncommon trap: trap_request=0xffffffc6 fr.pc=0x0000019c10adb7ec relative=0x000000000000116c
Event: 14.612 Thread 0x0000019c05830720 Uncommon trap: reason=bimorphic_or_optimized_type_check action=maybe_recompile pc=0x0000019c10adb7ec method=java.util.HashMap.putVal(ILjava/lang/Object;Ljava/lang/Object;ZZ)Ljava/lang/Object; @ 203 c2
Event: 14.612 Thread 0x0000019c05830720 DEOPT PACKING pc=0x0000019c10adb7ec sp=0x00000029834fd7c0
Event: 14.612 Thread 0x0000019c05830720 DEOPT UNPACKING pc=0x0000019c104669a3 sp=0x00000029834fd750 mode 2
Event: 14.616 Thread 0x0000019c05830720 Uncommon trap: trap_request=0xffffffc6 fr.pc=0x0000019c10adb7ec relative=0x000000000000116c
Event: 14.616 Thread 0x0000019c05830720 Uncommon trap: reason=bimorphic_or_optimized_type_check action=maybe_recompile pc=0x0000019c10adb7ec method=java.util.HashMap.putVal(ILjava/lang/Object;Ljava/lang/Object;ZZ)Ljava/lang/Object; @ 203 c2
Event: 14.616 Thread 0x0000019c05830720 DEOPT PACKING pc=0x0000019c10adb7ec sp=0x00000029834fda50
Event: 14.616 Thread 0x0000019c05830720 DEOPT UNPACKING pc=0x0000019c104669a3 sp=0x00000029834fd9e0 mode 2

Classes unloaded (0 events):
No events

Classes redefined (0 events):
No events

Internal exceptions (20 events):
Event: 4.581 Thread 0x0000019c05830720 Exception <a 'java/lang/NoSuchMethodError'{0x00000000814b1418}: 'float java.lang.invoke.DirectMethodHandle$Holder.invokeVirtual(java.lang.Object, java.lang.Object)'> (0x00000000814b1418) 
thrown [s\src\hotspot\share\interpreter\linkResolver.cpp, line 759]
Event: 4.582 Thread 0x0000019c05830720 Exception <a 'java/lang/NoSuchMethodError'{0x00000000814ba3d8}: 'long java.lang.invoke.DirectMethodHandle$Holder.invokeVirtual(java.lang.Object, java.lang.Object)'> (0x00000000814ba3d8) 
thrown [s\src\hotspot\share\interpreter\linkResolver.cpp, line 759]
Event: 4.635 Thread 0x0000019c05830720 Exception <a 'java/lang/NoSuchMethodError'{0x000000008320bba0}: 'void java.lang.invoke.DirectMethodHandle$Holder.invokeSpecial(java.lang.Object, java.lang.Object, java.lang.Object, java.lang.Object, java.lang.Object)'> (0x000000008320bba0) 
thrown [s\src\hotspot\share\interpreter\linkResolver.cpp, line 759]
Event: 9.023 Thread 0x0000019c05830720 Exception <a 'java/lang/NoSuchMethodError'{0x000000008159cf68}: 'java.lang.Object java.lang.invoke.DirectMethodHandle$Holder.invokeSpecialIFC(java.lang.Object, java.lang.Object, java.lang.Object)'> (0x000000008159cf68) 
thrown [s\src\hotspot\share\interpreter\linkResolver.cpp, line 759]
Event: 9.039 Thread 0x0000019c05830720 Exception <a 'java/lang/ClassNotFoundException'{0x00000000815daaa8}: sun/util/logging/resources/spi/loggingProvider> (0x00000000815daaa8) 
thrown [s\src\hotspot\share\classfile\systemDictionary.cpp, line 256]
Event: 14.572 Thread 0x0000019c05830720 Exception <a 'sun/net/ConnectionResetException'{0x0000000081604358}: Connection reset> (0x0000000081604358) 
thrown [s\src\hotspot\share\prims\jni.cpp, line 535]
Event: 14.577 Thread 0x0000019c05830720 Exception <a 'java/net/ConnectException'{0x000000008160be48}: Connection refused: no further information> (0x000000008160be48) 
thrown [s\src\hotspot\share\prims\jni.cpp, line 535]
Event: 14.577 Thread 0x0000019c05830720 Exception <a 'java/net/SocketException'{0x000000008160c6d0}: Socket is not connected: shutdown> (0x000000008160c6d0) 
thrown [s\src\hotspot\share\prims\jni.cpp, line 535]
Event: 14.579 Thread 0x0000019c05830720 Exception <a 'java/net/ConnectException'{0x000000008160e878}: Connection refused: no further information> (0x000000008160e878) 
thrown [s\src\hotspot\share\prims\jni.cpp, line 535]
Event: 14.579 Thread 0x0000019c05830720 Exception <a 'java/net/SocketException'{0x000000008160f100}: Socket is not connected: shutdown> (0x000000008160f100) 
thrown [s\src\hotspot\share\prims\jni.cpp, line 535]
Event: 14.581 Thread 0x0000019c05830720 Exception <a 'java/lang/ClassNotFoundException'{0x00000000816197b0}: sun/misc/SharedSecrets> (0x00000000816197b0) 
thrown [s\src\hotspot\share\classfile\systemDictionary.cpp, line 256]
Event: 14.590 Thread 0x0000019c05830720 Exception <a 'java/lang/reflect/InvocationTargetException'{0x00000000816339f0}> (0x00000000816339f0) 
thrown [s\src\hotspot\share\runtime\reflection.cpp, line 1121]
Event: 14.612 Thread 0x0000019c05830720 Exception <a 'java/net/ConnectException'{0x00000000816bb0e0}: Connection refused: no further information> (0x00000000816bb0e0) 
thrown [s\src\hotspot\share\prims\jni.cpp, line 535]
Event: 14.612 Thread 0x0000019c05830720 Exception <a 'java/net/SocketException'{0x00000000816bb6c0}: Socket is not connected: shutdown> (0x00000000816bb6c0) 
thrown [s\src\hotspot\share\prims\jni.cpp, line 535]
Event: 14.612 Thread 0x0000019c05830720 Exception <a 'java/net/ConnectException'{0x00000000816bd4f8}: Connection refused: no further information> (0x00000000816bd4f8) 
thrown [s\src\hotspot\share\prims\jni.cpp, line 535]
Event: 14.612 Thread 0x0000019c05830720 Exception <a 'java/net/SocketException'{0x00000000816bdad8}: Socket is not connected: shutdown> (0x00000000816bdad8) 
thrown [s\src\hotspot\share\prims\jni.cpp, line 535]
Event: 14.615 Thread 0x0000019c05830720 Exception <a 'java/net/ConnectException'{0x00000000816c7fa8}: Connection refused: no further information> (0x00000000816c7fa8) 
thrown [s\src\hotspot\share\prims\jni.cpp, line 535]
Event: 14.615 Thread 0x0000019c05830720 Exception <a 'java/net/SocketException'{0x00000000816c8588}: Socket is not connected: shutdown> (0x00000000816c8588) 
thrown [s\src\hotspot\share\prims\jni.cpp, line 535]
Event: 14.616 Thread 0x0000019c05830720 Exception <a 'java/net/ConnectException'{0x00000000816ca3c0}: Connection refused: no further information> (0x00000000816ca3c0) 
thrown [s\src\hotspot\share\prims\jni.cpp, line 535]
Event: 14.616 Thread 0x0000019c05830720 Exception <a 'java/net/SocketException'{0x00000000816ca9a0}: Socket is not connected: shutdown> (0x00000000816ca9a0) 
thrown [s\src\hotspot\share\prims\jni.cpp, line 535]

VM Operations (20 events):
Event: 4.522 Executing VM operation: HandshakeAllThreads
Event: 4.522 Executing VM operation: HandshakeAllThreads done
Event: 4.522 Executing VM operation: HandshakeAllThreads
Event: 4.522 Executing VM operation: HandshakeAllThreads done
Event: 4.524 Executing VM operation: HandshakeAllThreads
Event: 4.524 Executing VM operation: HandshakeAllThreads done
Event: 4.594 Executing VM operation: G1CollectForAllocation
Event: 4.599 Executing VM operation: G1CollectForAllocation done
Event: 5.601 Executing VM operation: Cleanup
Event: 5.602 Executing VM operation: Cleanup done
Event: 9.045 Executing VM operation: G1CollectForAllocation
Event: 9.050 Executing VM operation: G1CollectForAllocation done
Event: 10.062 Executing VM operation: Cleanup
Event: 10.062 Executing VM operation: Cleanup done
Event: 11.062 Executing VM operation: Cleanup
Event: 11.062 Executing VM operation: Cleanup done
Event: 11.804 Executing VM operation: G1CollectForAllocation
Event: 11.806 Executing VM operation: G1CollectForAllocation done
Event: 12.818 Executing VM operation: Cleanup
Event: 12.818 Executing VM operation: Cleanup done

Events (20 events):
Event: 10.998 loading class java/util/AbstractList$RandomAccessSpliterator
Event: 10.998 loading class java/util/AbstractList$RandomAccessSpliterator done
Event: 11.025 loading class jdk/internal/reflect/UnsafeLongFieldAccessorImpl
Event: 11.026 loading class jdk/internal/reflect/UnsafeLongFieldAccessorImpl done
Event: 11.436 loading class java/util/AbstractList$ListItr
Event: 11.436 loading class java/util/AbstractList$ListItr done
Event: 11.627 loading class java/net/URLEncoder
Event: 11.627 loading class java/net/URLEncoder done
Event: 11.628 loading class java/io/CharArrayWriter
Event: 11.628 loading class java/io/CharArrayWriter done
Event: 14.571 loading class sun/net/ConnectionResetException
Event: 14.572 loading class sun/net/ConnectionResetException done
Event: 14.576 loading class javax/net/ssl/SSLHandshakeException
Event: 14.576 loading class javax/net/ssl/SSLHandshakeException done
Event: 14.581 loading class sun/misc/SharedSecrets
Event: 14.581 loading class sun/misc/SharedSecrets done
Event: 14.584 loading class java/lang/StackTraceElement$HashedModules
Event: 14.584 loading class java/lang/StackTraceElement$HashedModules done
Event: 14.616 loading class java/util/concurrent/ConcurrentLinkedQueue$Itr
Event: 14.620 loading class java/util/concurrent/ConcurrentLinkedQueue$Itr done


Dynamic libraries:
0x00007ff7474b0000 - 0x00007ff7474be000 	C:\Users\admin\eclipse-java-2023-06-R-win32-x86_64\eclipse\plugins\org.eclipse.justj.openjdk.hotspot.jre.full.win32.x86_64_17.0.7.v20230425-1502\jre\bin\javaw.exe
0x00007ffd46910000 - 0x00007ffd46b08000 	C:\Windows\SYSTEM32\ntdll.dll
0x00007ffd452c0000 - 0x00007ffd45382000 	C:\Windows\System32\KERNEL32.DLL
0x00007ffd44100000 - 0x00007ffd443f6000 	C:\Windows\System32\KERNELBASE.dll
0x00007ffd44540000 - 0x00007ffd44640000 	C:\Windows\System32\ucrtbase.dll
0x00007ffd3cfa0000 - 0x00007ffd3cfb7000 	C:\Users\admin\eclipse-java-2023-06-R-win32-x86_64\eclipse\plugins\org.eclipse.justj.openjdk.hotspot.jre.full.win32.x86_64_17.0.7.v20230425-1502\jre\bin\jli.dll
0x00007ffd2d9e0000 - 0x00007ffd2d9f9000 	C:\Users\admin\eclipse-java-2023-06-R-win32-x86_64\eclipse\plugins\org.eclipse.justj.openjdk.hotspot.jre.full.win32.x86_64_17.0.7.v20230425-1502\jre\bin\VCRUNTIME140.dll
0x00007ffd454e0000 - 0x00007ffd4567d000 	C:\Windows\System32\USER32.dll
0x00007ffd32d70000 - 0x00007ffd3300a000 	C:\Windows\WinSxS\amd64_microsoft.windows.common-controls_6595b64144ccf1df_6.0.19041.5794_none_60bcd33171f2783c\COMCTL32.dll
0x00007ffd458d0000 - 0x00007ffd4596e000 	C:\Windows\System32\msvcrt.dll
0x00007ffd44510000 - 0x00007ffd44532000 	C:\Windows\System32\win32u.dll
0x00007ffd45820000 - 0x00007ffd4584b000 	C:\Windows\System32\GDI32.dll
0x00007ffd43fe0000 - 0x00007ffd440fa000 	C:\Windows\System32\gdi32full.dll
0x00007ffd44640000 - 0x00007ffd446dd000 	C:\Windows\System32\msvcp_win.dll
0x00007ffd45d60000 - 0x00007ffd45d8f000 	C:\Windows\System32\IMM32.DLL
0x00007ffd35020000 - 0x00007ffd3502c000 	C:\Users\admin\eclipse-java-2023-06-R-win32-x86_64\eclipse\plugins\org.eclipse.justj.openjdk.hotspot.jre.full.win32.x86_64_17.0.7.v20230425-1502\jre\bin\vcruntime140_1.dll
0x00007ffd1d830000 - 0x00007ffd1d8c1000 	C:\Users\admin\eclipse-java-2023-06-R-win32-x86_64\eclipse\plugins\org.eclipse.justj.openjdk.hotspot.jre.full.win32.x86_64_17.0.7.v20230425-1502\jre\bin\msvcp140.dll
0x00007ffc7c650000 - 0x00007ffc7d298000 	C:\Users\admin\eclipse-java-2023-06-R-win32-x86_64\eclipse\plugins\org.eclipse.justj.openjdk.hotspot.jre.full.win32.x86_64_17.0.7.v20230425-1502\jre\bin\server\jvm.dll
0x00007ffd45690000 - 0x00007ffd4573f000 	C:\Windows\System32\ADVAPI32.dll
0x00007ffd45390000 - 0x00007ffd4542f000 	C:\Windows\System32\sechost.dll
0x00007ffd45e70000 - 0x00007ffd45f93000 	C:\Windows\System32\RPCRT4.dll
0x00007ffd43fb0000 - 0x00007ffd43fd7000 	C:\Windows\System32\bcrypt.dll
0x00007ffd3d720000 - 0x00007ffd3d729000 	C:\Windows\SYSTEM32\WSOCK32.dll
0x00007ffd33630000 - 0x00007ffd33657000 	C:\Windows\SYSTEM32\WINMM.dll
0x00007ffd457b0000 - 0x00007ffd4581b000 	C:\Windows\System32\WS2_32.dll
0x00007ffd3d480000 - 0x00007ffd3d48a000 	C:\Windows\SYSTEM32\VERSION.dll
0x00007ffd42790000 - 0x00007ffd427a2000 	C:\Windows\SYSTEM32\kernel.appcore.dll
0x00007ffd3e770000 - 0x00007ffd3e77a000 	C:\Users\admin\eclipse-java-2023-06-R-win32-x86_64\eclipse\plugins\org.eclipse.justj.openjdk.hotspot.jre.full.win32.x86_64_17.0.7.v20230425-1502\jre\bin\jimage.dll
0x00007ffd41b80000 - 0x00007ffd41d81000 	C:\Windows\SYSTEM32\DBGHELP.DLL
0x00007ffd2f220000 - 0x00007ffd2f254000 	C:\Windows\SYSTEM32\dbgcore.DLL
0x00007ffd44400000 - 0x00007ffd44482000 	C:\Windows\System32\bcryptPrimitives.dll
0x00007ffd1b6b0000 - 0x00007ffd1b6d5000 	C:\Users\admin\eclipse-java-2023-06-R-win32-x86_64\eclipse\plugins\org.eclipse.justj.openjdk.hotspot.jre.full.win32.x86_64_17.0.7.v20230425-1502\jre\bin\java.dll
0x00007ffd1ff50000 - 0x00007ffd1ff68000 	C:\Users\admin\eclipse-java-2023-06-R-win32-x86_64\eclipse\plugins\org.eclipse.justj.openjdk.hotspot.jre.full.win32.x86_64_17.0.7.v20230425-1502\jre\bin\zip.dll
0x00007ffd44a10000 - 0x00007ffd4517e000 	C:\Windows\System32\SHELL32.dll
0x00007ffd41fd0000 - 0x00007ffd42773000 	C:\Windows\SYSTEM32\windows.storage.dll
0x00007ffd464e0000 - 0x00007ffd46833000 	C:\Windows\System32\combase.dll
0x00007ffd43910000 - 0x00007ffd4393b000 	C:\Windows\SYSTEM32\Wldp.dll
0x00007ffd44940000 - 0x00007ffd44a0d000 	C:\Windows\System32\OLEAUT32.dll
0x00007ffd45430000 - 0x00007ffd454dd000 	C:\Windows\System32\SHCORE.dll
0x00007ffd45970000 - 0x00007ffd459c5000 	C:\Windows\System32\shlwapi.dll
0x00007ffd43ee0000 - 0x00007ffd43f05000 	C:\Windows\SYSTEM32\profapi.dll
0x00007ffd1fd10000 - 0x00007ffd1fd29000 	C:\Users\admin\eclipse-java-2023-06-R-win32-x86_64\eclipse\plugins\org.eclipse.justj.openjdk.hotspot.jre.full.win32.x86_64_17.0.7.v20230425-1502\jre\bin\net.dll
0x00007ffd38ec0000 - 0x00007ffd38fca000 	C:\Windows\SYSTEM32\WINHTTP.dll
0x00007ffd43670000 - 0x00007ffd436dc000 	C:\Windows\system32\mswsock.dll
0x00007ffd1ec80000 - 0x00007ffd1ec95000 	C:\Users\admin\eclipse-java-2023-06-R-win32-x86_64\eclipse\plugins\org.eclipse.justj.openjdk.hotspot.jre.full.win32.x86_64_17.0.7.v20230425-1502\jre\bin\nio.dll
0x00007ffd3d730000 - 0x00007ffd3d740000 	C:\Users\admin\eclipse-java-2023-06-R-win32-x86_64\eclipse\plugins\org.eclipse.justj.openjdk.hotspot.jre.full.win32.x86_64_17.0.7.v20230425-1502\jre\bin\verify.dll
0x00007ffd293b0000 - 0x00007ffd293b9000 	C:\Users\admin\eclipse-java-2023-06-R-win32-x86_64\eclipse\plugins\org.eclipse.justj.openjdk.hotspot.jre.full.win32.x86_64_17.0.7.v20230425-1502\jre\bin\management.dll
0x00007ffd265b0000 - 0x00007ffd265bb000 	C:\Users\admin\eclipse-java-2023-06-R-win32-x86_64\eclipse\plugins\org.eclipse.justj.openjdk.hotspot.jre.full.win32.x86_64_17.0.7.v20230425-1502\jre\bin\management_ext.dll
0x00007ffd45680000 - 0x00007ffd45688000 	C:\Windows\System32\PSAPI.DLL
0x00007ffd25630000 - 0x00007ffd25647000 	C:\Windows\system32\napinsp.dll
0x00007ffd22e80000 - 0x00007ffd22e9b000 	C:\Windows\system32\pnrpnsp.dll
0x00007ffd405e0000 - 0x00007ffd405fd000 	C:\Windows\system32\wshbth.dll
0x00007ffd3e700000 - 0x00007ffd3e71d000 	C:\Windows\system32\NLAapi.dll
0x00007ffd43330000 - 0x00007ffd4336b000 	C:\Windows\SYSTEM32\IPHLPAPI.DLL
0x00007ffd43390000 - 0x00007ffd4345a000 	C:\Windows\SYSTEM32\DNSAPI.dll
0x00007ffd45180000 - 0x00007ffd45188000 	C:\Windows\System32\NSI.dll
0x00007ffd22bb0000 - 0x00007ffd22bc2000 	C:\Windows\System32\winrnr.dll
0x00007ffd347d0000 - 0x00007ffd347da000 	C:\Windows\System32\rasadhlp.dll
0x00007ffd353e0000 - 0x00007ffd35460000 	C:\Windows\System32\fwpuclnt.dll
0x00007ffd43870000 - 0x00007ffd43888000 	C:\Windows\SYSTEM32\CRYPTSP.dll
0x00007ffd42f50000 - 0x00007ffd42f88000 	C:\Windows\system32\rsaenh.dll
0x00007ffd43ea0000 - 0x00007ffd43ece000 	C:\Windows\SYSTEM32\USERENV.dll
0x00007ffd43860000 - 0x00007ffd4386c000 	C:\Windows\SYSTEM32\CRYPTBASE.dll
0x00007ffd3bdc0000 - 0x00007ffd3bdd7000 	C:\Windows\SYSTEM32\dhcpcsvc6.DLL
0x00007ffd3c110000 - 0x00007ffd3c12d000 	C:\Windows\SYSTEM32\dhcpcsvc.DLL
0x00007ffd29e90000 - 0x00007ffd29e9e000 	C:\Users\admin\eclipse-java-2023-06-R-win32-x86_64\eclipse\plugins\org.eclipse.justj.openjdk.hotspot.jre.full.win32.x86_64_17.0.7.v20230425-1502\jre\bin\sunmscapi.dll
0x00007ffd44790000 - 0x00007ffd448ed000 	C:\Windows\System32\CRYPT32.dll
0x00007ffd43980000 - 0x00007ffd439a7000 	C:\Windows\SYSTEM32\ncrypt.dll
0x00007ffd43940000 - 0x00007ffd4397b000 	C:\Windows\SYSTEM32\NTASN1.dll

dbghelp: loaded successfully - version: 4.0.5 - missing functions: none
symbol engine: initialized successfully - sym options: 0x614 - pdb path: .;C:\Users\admin\eclipse-java-2023-06-R-win32-x86_64\eclipse\plugins\org.eclipse.justj.openjdk.hotspot.jre.full.win32.x86_64_17.0.7.v20230425-1502\jre\bin;C:\Windows\SYSTEM32;C:\Windows\WinSxS\amd64_microsoft.windows.common-controls_6595b64144ccf1df_6.0.19041.5794_none_60bcd33171f2783c;C:\Users\admin\eclipse-java-2023-06-R-win32-x86_64\eclipse\plugins\org.eclipse.justj.openjdk.hotspot.jre.full.win32.x86_64_17.0.7.v20230425-1502\jre\bin\server

VM Arguments:
jvm_args: -ea -Xmx2048m -Dfile.encoding=UTF-8 -XX:+ShowCodeDetailsInExceptionMessages 
java_command: org.testng.remote.RemoteTestNG -serport 50576 -protocol json -d C:\Users\admin\eclipse-workspace\hybrid_automationframework\test-output C:\Users\admin\eclipse-workspace\hybrid_automationframework\master.xml
java_class_path (initial): C:\Users\admin\eclipse-java-2023-06-R-win32-x86_64\eclipse\configuration\org.eclipse.osgi\515\0\.cp\lib\testng-remote.jar;C:\Users\admin\eclipse-workspace\hybrid_automationframework\target\test-classes;C:\Users\admin\eclipse-workspace\hybrid_automationframework\target\classes;C:\Users\admin\.m2\repository\org\seleniumhq\selenium\selenium-java\3.141.59\selenium-java-3.141.59.jar;C:\Users\admin\.m2\repository\org\seleniumhq\selenium\selenium-api\3.141.59\selenium-api-3.141.59.jar;C:\Users\admin\.m2\repository\org\seleniumhq\selenium\selenium-chrome-driver\3.141.59\selenium-chrome-driver-3.141.59.jar;C:\Users\admin\.m2\repository\org\seleniumhq\selenium\selenium-edge-driver\3.141.59\selenium-edge-driver-3.141.59.jar;C:\Users\admin\.m2\repository\org\seleniumhq\selenium\selenium-firefox-driver\3.141.59\selenium-firefox-driver-3.141.59.jar;C:\Users\admin\.m2\repository\org\seleniumhq\selenium\selenium-ie-driver\3.141.59\selenium-ie-driver-3.141.59.jar;C:\Users\admin\.m2\repository\org\seleniumhq\selenium\selenium-opera-driver\3.141.59\selenium-opera-driver-3.141.59.jar;C:\Users\admin\.m2\repository\org\seleniumhq\selenium\selenium-remote-driver\3.141.59\selenium-remote-driver-3.141.59.jar;C:\Users\admin\.m2\repository\org\seleniumhq\selenium\selenium-safari-driver\3.141.59\selenium-safari-driver-3.141.59.jar;C:\Users\admin\.m2\repository\org\seleniumhq\selenium\selenium-support\3.141.59\selenium-support-3.141.59.jar;C:\Users\admin\.m2\repository\net\bytebuddy\byte-buddy\1.8.15\byte-buddy-1.8.15.jar;C:\Users\admin\.m2\repository\org\apache\commons\commons-exec\1.3\commons-exec-1.3.jar;C:\Users\admin\.m2\repository\com\google\guava\guava\25.0-jre\guava-25.0-jre.jar;C:\Users\admin\.m2\repository\com\google\code\findbugs\jsr305\1.3.9\jsr305-1.3.9.jar;C:\Users\admin\.m2\repository\org\checkerframework\checker-compat-qual\2.0.0\checker-compat-qual-2.0.0.jar;C:\Users\admin\.m2\repository\com\google\errorprone\error_prone_annotations\2.1.3\error_pron
Launcher Type: SUN_STANDARD

[Global flags]
     intx CICompilerCount                          = 3                                         {product} {ergonomic}
     uint ConcGCThreads                            = 1                                         {product} {ergonomic}
     uint G1ConcRefinementThreads                  = 4                                         {product} {ergonomic}
   size_t G1HeapRegionSize                         = 1048576                                   {product} {ergonomic}
    uintx GCDrainStackTargetSize                   = 64                                        {product} {ergonomic}
   size_t InitialHeapSize                          = 65011712                                  {product} {ergonomic}
   size_t MarkStackSize                            = 4194304                                   {product} {ergonomic}
   size_t MaxHeapSize                              = 2147483648                                {product} {command line}
   size_t MaxNewSize                               = 1287651328                                {product} {ergonomic}
   size_t MinHeapDeltaBytes                        = 1048576                                   {product} {ergonomic}
   size_t MinHeapSize                              = 8388608                                   {product} {ergonomic}
    uintx NonNMethodCodeHeapSize                   = 5832780                                {pd product} {ergonomic}
    uintx NonProfiledCodeHeapSize                  = 122912730                              {pd product} {ergonomic}
    uintx ProfiledCodeHeapSize                     = 122912730                              {pd product} {ergonomic}
    uintx ReservedCodeCacheSize                    = 251658240                              {pd product} {ergonomic}
     bool SegmentedCodeCache                       = true                                      {product} {ergonomic}
     bool ShowCodeDetailsInExceptionMessages       = true                                   {manageable} {command line}
   size_t SoftMaxHeapSize                          = 2147483648                             {manageable} {ergonomic}
     bool UseCompressedClassPointers               = true                           {product lp64_product} {ergonomic}
     bool UseCompressedOops                        = true                           {product lp64_product} {ergonomic}
     bool UseG1GC                                  = true                                      {product} {ergonomic}
     bool UseLargePagesIndividualAllocation        = false                                  {pd product} {ergonomic}

Logging:
Log output configuration:
 #0: stdout all=warning uptime,level,tags
 #1: stderr all=off uptime,level,tags

Environment Variables:
JAVA_HOME=C:\Program Files\Java\jdk-17
PATH=C:/Users/admin/eclipse-java-2023-06-R-win32-x86_64/eclipse//plugins/org.eclipse.justj.openjdk.hotspot.jre.full.win32.x86_64_17.0.7.v20230425-1502/jre/bin/server;C:/Users/admin/eclipse-java-2023-06-R-win32-x86_64/eclipse//plugins/org.eclipse.justj.openjdk.hotspot.jre.full.win32.x86_64_17.0.7.v20230425-1502/jre/bin;C:\Program Files\Common Files\Oracle\Java\javapath;C:\Program Files (x86)\TRICENTIS\Tosca Testsuite\ToscaCommander;;C:\Windows\system32;C:\Windows;C:\Windows\System32\Wbem;C:\Windows\System32\WindowsPowerShell\v1.0\;C:\Windows\System32\OpenSSH\;C:\Maven\apache-maven-3.3.9-bin\apache-maven-3.3.9\bin;C:\Program Files\Git\cmd;C:\Program Files\Amazon\AWSCLI\bin\;C:\Program Files\Docker\Docker\resources\bin;C:\Program Files\Kubernetes\Minikube;C:\Program Files\dotnet\;C:\Program Files\nodejs\;C:\Program Files\Java\jdk-17\bin;C:\Program Files\MySQL\MySQL Shell 8.0\bin\;C:\Users\admin\AppData\Local\Programs\Python\Python311\Scripts\;C:\Users\admin\AppData\Local\Programs\Python\Python311\;C:\Users\admin\AppData\Local\Microsoft\WindowsApps;C:\Users\admin\AppData\Local\Programs\Microsoft VS Code\bin;C:\Users\admin\AppData\Roaming\npm;C:\Program Files\JetBrains\IntelliJ IDEA Community Edition 2025.1\bin;;C:\Users\admin\eclipse-java-2023-06-R-win32-x86_64\eclipse;
USERNAME=admin
OS=Windows_NT
PROCESSOR_IDENTIFIER=Intel64 Family 6 Model 142 Stepping 12, GenuineIntel
TMP=C:\Users\admin\AppData\Local\Temp
TEMP=C:\Users\admin\AppData\Local\Temp



---------------  S Y S T E M  ---------------

OS:
 Windows 10 , 64 bit Build 19041 (10.0.19041.5794)
OS uptime: 3 days 6:38 hours
Hyper-V role detected

CPU: total 4 (initial active 4) (2 cores per cpu, 2 threads per core) family 6 model 142 stepping 12 microcode 0xf0, cx8, cmov, fxsr, ht, mmx, 3dnowpref, sse, sse2, sse3, ssse3, sse4.1, sse4.2, popcnt, lzcnt, tsc, tscinvbit, avx, avx2, aes, erms, clmul, bmi1, bmi2, adx, fma, vzeroupper, clflush, clflushopt, hv

Memory: 4k page, system-wide physical 3930M (190M free)
TotalPageFile size 16218M (AvailPageFile size 4M)
current process WorkingSet (physical memory assigned to process): 102M, peak: 133M
current process commit charge ("private bytes"): 148M, peak: 168M

vm_info: OpenJDK 64-Bit Server VM (17.0.7+7) for windows-amd64 JRE (17.0.7+7), built on Apr 18 2023 22:10:42 by "temurin" with MS VC++ 16.7 (VS2019)

END.
